# Push Log for retort-tails-001
# Generated by gitfield-sync

[2025-06-20T19:03:24Z] Local: , Branch=master, Commit=8c9899a
  Diff Summary:
     docs/integrity.sha256.sig.4E27D37C358872BF | 0
     1 file changed, 0 insertions(+), 0 deletions(-)
[2025-06-20T19:06:42Z] Radicle: RID=rad:z3FEj7rF8gZw9eFksCuiN43qjzrex, Peer ID=z6Mkw5s3ppo26C7y7tGK5MD8n2GqTHS582PPpeX5Xqbu2Mpz, Branch=master, Commit=8c9899a
  CLI: rad inspect rad:z3FEj7rF8gZw9eFksCuiN43qjzrex # View project details
  CLI: git ls-tree -r --name-only HEAD # View file structure
  Diff Summary:
     .gitfield/radicle.sigil.md | 67 ++++++++++++++++++++++++++++++++++++++++++++++
     1 file changed, 67 insertions(+)
[2025-06-20T19:09:21Z] Forgejo: https://remember.thefoldwithin.earth/mrhavens/retort-tails-001, Branch=master, Commit=8c9899a
  Diff Summary:
     .gitfield/.radicle-push-state | 1 +
     .gitfield/pushed.log          | 6 ++++++
     2 files changed, 7 insertions(+)
[2025-06-20T19:11:18Z] Codeberg: https://codeberg.org/mrhavens/retort-tails-001, Branch=master, Commit=8c9899a
  Diff Summary:
     .gitfield/codeberg.sigil.md | 59 +++++++++++++++++++++++++++++++++++++++++++++
     1 file changed, 59 insertions(+)
[2025-06-20T19:13:13Z] GitLab: https://gitlab.com/mrhavens/retort-tails-001, Branch=master, Commit=8c9899a
  Diff Summary:
     .gitfield/gitlab.sigil.md | 59 +++++++++++++++++++++++++++++++++++++++++++++++
     1 file changed, 59 insertions(+)
[2025-06-20T19:13:39Z] Bitbucket: https://bitbucket.org/thefoldwithin/retort-tails-001, Branch=master, Commit=8c9899a
  Diff Summary:
     .gitfield/bitbucket.sigil.md | 59 ++++++++++++++++++++++++++++++++++++++++++++
     1 file changed, 59 insertions(+)
[2025-06-20T19:14:57Z] GitHub: https://github.com/mrhavens/retort-tails-001, Branch=master, Commit=8c9899a
  Diff Summary:
     .gitfield/pushed.log | 4 ++++
     1 file changed, 4 insertions(+)
[2025-06-20T19:27:23Z] Local: , Branch=master, Commit=8c9899a
  Diff Summary:
     .gitfield/local.sigil.md | 59 ++++++++++++++++++++++++++++++++++++++++++++++++
     1 file changed, 59 insertions(+)
[2025-06-20T19:28:26Z] Radicle: RID=rad:z3FEj7rF8gZw9eFksCuiN43qjzrex, Peer ID=z6Mkw5s3ppo26C7y7tGK5MD8n2GqTHS582PPpeX5Xqbu2Mpz, Branch=master, Commit=8c9899a
  CLI: rad inspect rad:z3FEj7rF8gZw9eFksCuiN43qjzrex # View project details
  CLI: git ls-tree -r --name-only HEAD # View file structure
  Diff Summary:
     .gitfield/radicle.sigil.md | 20 ++++++++++----------
     1 file changed, 10 insertions(+), 10 deletions(-)
[2025-06-20T19:32:29Z] Forgejo: https://remember.thefoldwithin.earth/mrhavens/retort-tails-001, Branch=master, Commit=8c9899a
  Diff Summary:
     .gitfield/remember.sigil.md | 59 +++++++++++++++++++++++++++++++++++++++++++++
     1 file changed, 59 insertions(+)
[2025-06-20T19:32:52Z] Codeberg: https://codeberg.org/mrhavens/retort-tails-001, Branch=master, Commit=8c9899a
  Diff Summary:
     .gitfield/codeberg.sigil.md | 16 ++++++++--------
     1 file changed, 8 insertions(+), 8 deletions(-)
[2025-06-20T19:33:24Z] GitLab: https://gitlab.com/mrhavens/retort-tails-001, Branch=master, Commit=8c9899a
  Diff Summary:
     .gitfield/gitlab.sigil.md | 16 ++++++++--------
     1 file changed, 8 insertions(+), 8 deletions(-)
[2025-06-20T19:33:52Z] Bitbucket: https://bitbucket.org/thefoldwithin/retort-tails-001, Branch=master, Commit=8c9899a
  Diff Summary:
     .gitfield/bitbucket.sigil.md | 16 ++++++++--------
     1 file changed, 8 insertions(+), 8 deletions(-)
[2025-06-20T19:37:26Z] GitHub: https://github.com/mrhavens/retort-tails-001, Branch=master, Commit=8c9899a
  Diff Summary:
     .gitfield/github.sigil.md | 59 +++++++++++++++++++++++++++++++++++++++++++++++
     1 file changed, 59 insertions(+)
[2025-06-20T19:42:50Z] Local: , Branch=master, Commit=8c9899a
  Diff Summary:
     .gitfield/local.sigil.md | 16 ++++++++--------
     1 file changed, 8 insertions(+), 8 deletions(-)
[2025-06-20T19:43:49Z] Radicle: RID=rad:z3FEj7rF8gZw9eFksCuiN43qjzrex, Peer ID=z6Mkw5s3ppo26C7y7tGK5MD8n2GqTHS582PPpeX5Xqbu2Mpz, Branch=master, Commit=8c9899a
  CLI: rad inspect rad:z3FEj7rF8gZw9eFksCuiN43qjzrex # View project details
  CLI: git ls-tree -r --name-only HEAD # View file structure
  Diff Summary:
     .gitfield/radicle.sigil.md | 18 +++++++++---------
     1 file changed, 9 insertions(+), 9 deletions(-)
[2025-06-20T19:44:42Z] Forgejo: https://remember.thefoldwithin.earth/mrhavens/retort-tails-001, Branch=master, Commit=8c9899a
  Diff Summary:
     .gitfield/remember.sigil.md | 16 ++++++++--------
     1 file changed, 8 insertions(+), 8 deletions(-)
[2025-06-20T19:45:37Z] Codeberg: https://codeberg.org/mrhavens/retort-tails-001, Branch=master, Commit=8c9899a
  Diff Summary:
     .gitfield/codeberg.sigil.md | 16 ++++++++--------
     1 file changed, 8 insertions(+), 8 deletions(-)
